<?xml version="1.0" encoding="UTF-8"?>
<!-- Generated by org.testng.reporters.JUnitReportReporter -->
<testsuite name="com.qa.guru99.base.TestBase" tests="1" time="5.876" ignored="0" failures="0" timestamp="25 Aug 2021 06:11:06 GMT" skipped="0" hostname="LAPTOP-8B5VFCJA" errors="0">
  <testcase name="intialization" time="5.876" classname="com.qa.guru99.base.TestBase"/>
</testsuite> <!-- com.qa.guru99.base.TestBase -->
