<?xml version="1.0" encoding="UTF-8"?>
<!-- Generated by org.testng.reporters.JUnitReportReporter -->
<testsuite name="com.qa.guru99project.Verifytheloginsection" tests="1" time="1.768" ignored="0" failures="0" timestamp="25 Aug 2021 05:09:19 GMT" skipped="0" hostname="LAPTOP-8B5VFCJA" errors="0">
  <testcase name="test" time="1.768" classname="com.qa.guru99project.Verifytheloginsection"/>
</testsuite> <!-- com.qa.guru99project.Verifytheloginsection -->
