<?xml version="1.0" encoding="UTF-8"?>
<!-- Generated by org.testng.reporters.JUnitReportReporter -->
<testsuite name="com.qa.guru99.livedemo.test.CreateNewCustomerAccountPageTest" tests="1" time="10.092" ignored="0" failures="0" timestamp="31 Aug 2021 07:29:16 GMT" skipped="0" hostname="LAPTOP-8B5VFCJA" errors="0">
  <testcase name="verifyRegistration" time="10.092" classname="com.qa.guru99.livedemo.test.CreateNewCustomerAccountPageTest"/>
</testsuite> <!-- com.qa.guru99.livedemo.test.CreateNewCustomerAccountPageTest -->
