<?xml version="1.0" encoding="UTF-8"?>
<!-- Generated by org.testng.reporters.JUnitReportReporter -->
<testsuite name="com.qa.guru99.livedemo.test.CartPageTest" tests="1" time="14.469" ignored="0" failures="0" timestamp="29 Aug 2021 12:15:39 GMT" skipped="0" hostname="LAPTOP-8B5VFCJA" errors="0">
  <testcase name="verifyAddToCart" time="14.469" classname="com.qa.guru99.livedemo.test.CartPageTest"/>
</testsuite> <!-- com.qa.guru99.livedemo.test.CartPageTest -->
