<?xml version="1.0" encoding="UTF-8"?>
<!-- Generated by org.testng.reporters.JUnitReportReporter -->
<testsuite name="com.qa.guru99.livedemo.test.MobilePageTest" tests="3" time="36.098" ignored="0" failures="0" timestamp="29 Aug 2021 12:15:39 GMT" skipped="0" hostname="LAPTOP-8B5VFCJA" errors="0">
  <testcase name="verifySorting" time="9.327" classname="com.qa.guru99.livedemo.test.MobilePageTest"/>
  <testcase name="verifyAddToCompare" time="12.935" classname="com.qa.guru99.livedemo.test.MobilePageTest"/>
  <testcase name="verifyProductPrice" time="13.836" classname="com.qa.guru99.livedemo.test.MobilePageTest"/>
</testsuite> <!-- com.qa.guru99.livedemo.test.MobilePageTest -->
