<?xml version="1.0" encoding="UTF-8"?>
<!-- Generated by org.testng.reporters.JUnitReportReporter -->
<testsuite name="com.qa.guru99.test.LoginPageTest" tests="5" time="28.279" ignored="0" failures="0" timestamp="27 Aug 2021 10:39:15 GMT" skipped="0" hostname="LAPTOP-8B5VFCJA" errors="0">
  <testcase name="verifyLoginWithDDT" time="6.711" classname="com.qa.guru99.test.LoginPageTest"/>
  <testcase name="verifyLoginWithDDT" time="5.949" classname="com.qa.guru99.test.LoginPageTest"/>
  <testcase name="verifyLoginWithDDT" time="5.107" classname="com.qa.guru99.test.LoginPageTest"/>
  <testcase name="verifyLoginWithDDT" time="4.980" classname="com.qa.guru99.test.LoginPageTest"/>
  <testcase name="verifyLogin" time="5.532" classname="com.qa.guru99.test.LoginPageTest"/>
</testsuite> <!-- com.qa.guru99.test.LoginPageTest -->
