<?xml version="1.0" encoding="UTF-8"?>
<!-- Generated by org.testng.reporters.JUnitReportReporter -->
<testsuite name="com.qa.guru99.config.Test2" tests="1" time="0.013" ignored="0" failures="0" timestamp="01 Sep 2021 02:28:23 GMT" skipped="0" hostname="LAPTOP-8B5VFCJA" errors="0">
  <testcase name="sum" time="0.013" classname="com.qa.guru99.config.Test2"/>
</testsuite> <!-- com.qa.guru99.config.Test2 -->
